This file contains any messages produced by compilers while
running configure, to aid debugging if configure makes a mistake.

It was created by HBS configure 1.0, which was
generated by GNU Autoconf 2.61.  Invocation command line was

  $ ./configure --enable-debug --enable-voice-kick --enable-calc CFLAGS=-fPIE -fPIC -DPIE -D_FORTIY_SOURCE=2 LDFLAGS=-Wl,-z -Wl,relro -Wl,-z -Wl,now -pie

## --------- ##
## Platform. ##
## --------- ##

hostname = mordor
uname -m = x86_64
uname -r = 3.13.0-34-generic
uname -s = Linux
uname -v = #60-Ubuntu SMP Wed Aug 13 15:45:27 UTC 2014

/usr/bin/uname -p = unknown
/bin/uname -X     = unknown

/bin/arch              = unknown
/usr/bin/arch -k       = unknown
/usr/convex/getsysinfo = unknown
/usr/bin/hostinfo      = unknown
/bin/machine           = unknown
/usr/bin/oslevel       = unknown
/bin/universe          = unknown

PATH: /home/cmouse/bin
PATH: /usr/local/sbin
PATH: /usr/local/bin
PATH: /usr/sbin
PATH: /usr/bin
PATH: /sbin
PATH: /bin
PATH: /usr/games
PATH: /usr/local/games


## ----------- ##
## Core tests. ##
## ----------- ##

configure:1801: checking for gcc
configure:1817: found /usr/bin/gcc
configure:1828: result: gcc
configure:2066: checking for C compiler version
configure:2073: gcc --version >&5
gcc (Ubuntu 4.8.2-19ubuntu1) 4.8.2
Copyright (C) 2013 Free Software Foundation, Inc.
This is free software; see the source for copying conditions.  There is NO
warranty; not even for MERCHANTABILITY or FITNESS FOR A PARTICULAR PURPOSE.

configure:2076: $? = 0
configure:2083: gcc -v >&5
Using built-in specs.
COLLECT_GCC=gcc
COLLECT_LTO_WRAPPER=/usr/lib/gcc/x86_64-linux-gnu/4.8/lto-wrapper
Target: x86_64-linux-gnu
Configured with: ../src/configure -v --with-pkgversion='Ubuntu 4.8.2-19ubuntu1' --with-bugurl=file:///usr/share/doc/gcc-4.8/README.Bugs --enable-languages=c,c++,java,go,d,fortran,objc,obj-c++ --prefix=/usr --program-suffix=-4.8 --enable-shared --enable-linker-build-id --libexecdir=/usr/lib --without-included-gettext --enable-threads=posix --with-gxx-include-dir=/usr/include/c++/4.8 --libdir=/usr/lib --enable-nls --with-sysroot=/ --enable-clocale=gnu --enable-libstdcxx-debug --enable-libstdcxx-time=yes --enable-gnu-unique-object --disable-libmudflap --enable-plugin --with-system-zlib --disable-browser-plugin --enable-java-awt=gtk --enable-gtk-cairo --with-java-home=/usr/lib/jvm/java-1.5.0-gcj-4.8-amd64/jre --enable-java-home --with-jvm-root-dir=/usr/lib/jvm/java-1.5.0-gcj-4.8-amd64 --with-jvm-jar-dir=/usr/lib/jvm-exports/java-1.5.0-gcj-4.8-amd64 --with-arch-directory=amd64 --with-ecj-jar=/usr/share/java/eclipse-ecj.jar --enable-objc-gc --enable-multiarch --disable-werror --with-arch-32=i686 --with-abi=m64 --with-multilib-list=m32,m64,mx32 --with-tune=generic --enable-checking=release --build=x86_64-linux-gnu --host=x86_64-linux-gnu --target=x86_64-linux-gnu
Thread model: posix
gcc version 4.8.2 (Ubuntu 4.8.2-19ubuntu1) 
configure:2086: $? = 0
configure:2093: gcc -V >&5
gcc: error: unrecognized command line option '-V'
gcc: fatal error: no input files
compilation terminated.
configure:2096: $? = 4
configure:2119: checking for C compiler default output file name
configure:2146: gcc -W -Wall -funsigned-char -pipe -Wno-unused -fPIE -fPIC -DPIE -D_FORTIY_SOURCE=2 -fvisibility=hidden -g -DIN_QNET -I/usr/include/libxml2  -I/usr/include/libxml2 -Wl,-z -Wl,relro -Wl,-z -Wl,now -pie conftest.c  >&5
configure:2149: $? = 0
configure:2187: result: a.out
configure:2204: checking whether the C compiler works
configure:2214: ./a.out
configure:2217: $? = 0
configure:2234: result: yes
configure:2241: checking whether we are cross compiling
configure:2243: result: no
configure:2246: checking for suffix of executables
configure:2253: gcc -o conftest -W -Wall -funsigned-char -pipe -Wno-unused -fPIE -fPIC -DPIE -D_FORTIY_SOURCE=2 -fvisibility=hidden -g -DIN_QNET -I/usr/include/libxml2  -I/usr/include/libxml2 -Wl,-z -Wl,relro -Wl,-z -Wl,now -pie conftest.c  >&5
configure:2256: $? = 0
configure:2280: result: 
configure:2286: checking for suffix of object files
configure:2312: gcc -c -W -Wall -funsigned-char -pipe -Wno-unused -fPIE -fPIC -DPIE -D_FORTIY_SOURCE=2 -fvisibility=hidden -g -DIN_QNET -I/usr/include/libxml2  -I/usr/include/libxml2 conftest.c >&5
configure:2315: $? = 0
configure:2338: result: o
configure:2342: checking whether we are using the GNU C compiler
configure:2371: gcc -c -W -Wall -funsigned-char -pipe -Wno-unused -fPIE -fPIC -DPIE -D_FORTIY_SOURCE=2 -fvisibility=hidden -g -DIN_QNET -I/usr/include/libxml2  -I/usr/include/libxml2 conftest.c >&5
configure:2377: $? = 0
configure:2394: result: yes
configure:2399: checking whether gcc accepts -g
configure:2429: gcc -c -g  -I/usr/include/libxml2 conftest.c >&5
configure:2435: $? = 0
configure:2534: result: yes
configure:2551: checking for gcc option to accept ISO C89
configure:2625: gcc  -c -W -Wall -funsigned-char -pipe -Wno-unused -fPIE -fPIC -DPIE -D_FORTIY_SOURCE=2 -fvisibility=hidden -g -DIN_QNET -I/usr/include/libxml2  -I/usr/include/libxml2 conftest.c >&5
configure:2631: $? = 0
configure:2654: result: none needed
configure:2682: checking Whether gcc accepts -pie -fpie
configure:2699: gcc -c -W -Wall -funsigned-char -pipe -Wno-unused -fPIE -fPIC -DPIE -D_FORTIY_SOURCE=2 -fvisibility=hidden -g -DIN_QNET -I/usr/include/libxml2 -pie -fpie  -I/usr/include/libxml2 conftest.c >&5
configure:2705: $? = 0
configure:2710: result: yes
configure:2727: checking Whether gcc accepts -fPIC
configure:2743: gcc -c -W -Wall -funsigned-char -pipe -Wno-unused -fPIE -fPIC -DPIE -D_FORTIY_SOURCE=2 -fvisibility=hidden -g -DIN_QNET -I/usr/include/libxml2 -pie -fpie -fPIC  -I/usr/include/libxml2 conftest.c >&5
configure:2749: $? = 0
configure:2754: result: yes
configure:2768: checking whether make sets $(MAKE)
configure:2789: result: yes
configure:2800: checking for paxctl
configure:2830: result: no
configure:2837: checking for SHA1_Init in -lcrypto
configure:2872: gcc -o conftest -W -Wall -funsigned-char -pipe -Wno-unused -fPIE -fPIC -DPIE -D_FORTIY_SOURCE=2 -fvisibility=hidden -g -DIN_QNET -I/usr/include/libxml2 -pie -fpie -fPIC  -I/usr/include/libxml2 -Wl,-z -Wl,relro -Wl,-z -Wl,now -pie -fPIC conftest.c -lcrypto   >&5
configure:2878: $? = 0
configure:2896: result: yes
configure:2912: checking for dlopen in -ldl
configure:2947: gcc -o conftest -W -Wall -funsigned-char -pipe -Wno-unused -fPIE -fPIC -DPIE -D_FORTIY_SOURCE=2 -fvisibility=hidden -g -DIN_QNET -I/usr/include/libxml2 -pie -fpie -fPIC  -I/usr/include/libxml2 -Wl,-z -Wl,relro -Wl,-z -Wl,now -pie -fPIC conftest.c -ldl  -lcrypto  >&5
configure:2953: $? = 0
configure:2971: result: yes
configure:2983: checking for xmlCheckVersion in -lxml2
configure:3018: gcc -o conftest -W -Wall -funsigned-char -pipe -Wno-unused -fPIE -fPIC -DPIE -D_FORTIY_SOURCE=2 -fvisibility=hidden -g -DIN_QNET -I/usr/include/libxml2 -pie -fpie -fPIC  -I/usr/include/libxml2 -Wl,-z -Wl,relro -Wl,-z -Wl,now -pie -fPIC conftest.c -lxml2  -ldl -lcrypto  >&5
configure:3024: $? = 0
configure:3042: result: yes
configure:3064: checking how to run the C preprocessor
configure:3104: gcc -E  -I/usr/include/libxml2 conftest.c
configure:3110: $? = 0
configure:3141: gcc -E  -I/usr/include/libxml2 conftest.c
conftest.c:14:28: fatal error: ac_nonexistent.h: No such file or directory
 #include <ac_nonexistent.h>
                            ^
compilation terminated.
configure:3147: $? = 1
configure: failed program was:
| /* confdefs.h.  */
| #define PACKAGE_NAME "HBS"
| #define PACKAGE_TARNAME "hbs"
| #define PACKAGE_VERSION "1.0"
| #define PACKAGE_STRING "HBS 1.0"
| #define PACKAGE_BUGREPORT "cmouse@desteem.org"
| #define WANT_CALC 1
| #define ALLOW_VOICE_KICK 1
| #define _GNU_SOURCE 1
| #define HAVE_LIBCRYPTO 1
| #define HAVE_LIBDL 1
| #define HAVE_LIBXML2 1
| /* end confdefs.h.  */
| #include <ac_nonexistent.h>
configure:3180: result: gcc -E
configure:3209: gcc -E  -I/usr/include/libxml2 conftest.c
configure:3215: $? = 0
configure:3246: gcc -E  -I/usr/include/libxml2 conftest.c
conftest.c:14:28: fatal error: ac_nonexistent.h: No such file or directory
 #include <ac_nonexistent.h>
                            ^
compilation terminated.
configure:3252: $? = 1
configure: failed program was:
| /* confdefs.h.  */
| #define PACKAGE_NAME "HBS"
| #define PACKAGE_TARNAME "hbs"
| #define PACKAGE_VERSION "1.0"
| #define PACKAGE_STRING "HBS 1.0"
| #define PACKAGE_BUGREPORT "cmouse@desteem.org"
| #define WANT_CALC 1
| #define ALLOW_VOICE_KICK 1
| #define _GNU_SOURCE 1
| #define HAVE_LIBCRYPTO 1
| #define HAVE_LIBDL 1
| #define HAVE_LIBXML2 1
| /* end confdefs.h.  */
| #include <ac_nonexistent.h>
configure:3290: checking for grep that handles long lines and -e
configure:3364: result: /bin/grep
configure:3369: checking for egrep
configure:3447: result: /bin/grep -E
configure:3452: checking for ANSI C header files
configure:3482: gcc -c -W -Wall -funsigned-char -pipe -Wno-unused -fPIE -fPIC -DPIE -D_FORTIY_SOURCE=2 -fvisibility=hidden -g -DIN_QNET -I/usr/include/libxml2 -pie -fpie -fPIC  -I/usr/include/libxml2 conftest.c >&5
configure:3488: $? = 0
configure:3587: gcc -o conftest -W -Wall -funsigned-char -pipe -Wno-unused -fPIE -fPIC -DPIE -D_FORTIY_SOURCE=2 -fvisibility=hidden -g -DIN_QNET -I/usr/include/libxml2 -pie -fpie -fPIC  -I/usr/include/libxml2 -Wl,-z -Wl,relro -Wl,-z -Wl,now -pie -fPIC conftest.c -lxml2 -ldl -lcrypto  >&5
configure:3590: $? = 0
configure:3596: ./conftest
configure:3599: $? = 0
configure:3616: result: yes
configure:3640: checking for sys/types.h
configure:3661: gcc -c -W -Wall -funsigned-char -pipe -Wno-unused -fPIE -fPIC -DPIE -D_FORTIY_SOURCE=2 -fvisibility=hidden -g -DIN_QNET -I/usr/include/libxml2 -pie -fpie -fPIC  -I/usr/include/libxml2 conftest.c >&5
configure:3667: $? = 0
configure:3683: result: yes
configure:3640: checking for sys/stat.h
configure:3661: gcc -c -W -Wall -funsigned-char -pipe -Wno-unused -fPIE -fPIC -DPIE -D_FORTIY_SOURCE=2 -fvisibility=hidden -g -DIN_QNET -I/usr/include/libxml2 -pie -fpie -fPIC  -I/usr/include/libxml2 conftest.c >&5
configure:3667: $? = 0
configure:3683: result: yes
configure:3640: checking for stdlib.h
configure:3661: gcc -c -W -Wall -funsigned-char -pipe -Wno-unused -fPIE -fPIC -DPIE -D_FORTIY_SOURCE=2 -fvisibility=hidden -g -DIN_QNET -I/usr/include/libxml2 -pie -fpie -fPIC  -I/usr/include/libxml2 conftest.c >&5
configure:3667: $? = 0
configure:3683: result: yes
configure:3640: checking for string.h
configure:3661: gcc -c -W -Wall -funsigned-char -pipe -Wno-unused -fPIE -fPIC -DPIE -D_FORTIY_SOURCE=2 -fvisibility=hidden -g -DIN_QNET -I/usr/include/libxml2 -pie -fpie -fPIC  -I/usr/include/libxml2 conftest.c >&5
configure:3667: $? = 0
configure:3683: result: yes
configure:3640: checking for memory.h
configure:3661: gcc -c -W -Wall -funsigned-char -pipe -Wno-unused -fPIE -fPIC -DPIE -D_FORTIY_SOURCE=2 -fvisibility=hidden -g -DIN_QNET -I/usr/include/libxml2 -pie -fpie -fPIC  -I/usr/include/libxml2 conftest.c >&5
configure:3667: $? = 0
configure:3683: result: yes
configure:3640: checking for strings.h
configure:3661: gcc -c -W -Wall -funsigned-char -pipe -Wno-unused -fPIE -fPIC -DPIE -D_FORTIY_SOURCE=2 -fvisibility=hidden -g -DIN_QNET -I/usr/include/libxml2 -pie -fpie -fPIC  -I/usr/include/libxml2 conftest.c >&5
configure:3667: $? = 0
configure:3683: result: yes
configure:3640: checking for inttypes.h
configure:3661: gcc -c -W -Wall -funsigned-char -pipe -Wno-unused -fPIE -fPIC -DPIE -D_FORTIY_SOURCE=2 -fvisibility=hidden -g -DIN_QNET -I/usr/include/libxml2 -pie -fpie -fPIC  -I/usr/include/libxml2 conftest.c >&5
configure:3667: $? = 0
configure:3683: result: yes
configure:3640: checking for stdint.h
configure:3661: gcc -c -W -Wall -funsigned-char -pipe -Wno-unused -fPIE -fPIC -DPIE -D_FORTIY_SOURCE=2 -fvisibility=hidden -g -DIN_QNET -I/usr/include/libxml2 -pie -fpie -fPIC  -I/usr/include/libxml2 conftest.c >&5
configure:3667: $? = 0
configure:3683: result: yes
configure:3640: checking for unistd.h
configure:3661: gcc -c -W -Wall -funsigned-char -pipe -Wno-unused -fPIE -fPIC -DPIE -D_FORTIY_SOURCE=2 -fvisibility=hidden -g -DIN_QNET -I/usr/include/libxml2 -pie -fpie -fPIC  -I/usr/include/libxml2 conftest.c >&5
configure:3667: $? = 0
configure:3683: result: yes
configure:3697: checking for working alloca.h
configure:3724: gcc -o conftest -W -Wall -funsigned-char -pipe -Wno-unused -fPIE -fPIC -DPIE -D_FORTIY_SOURCE=2 -fvisibility=hidden -g -DIN_QNET -I/usr/include/libxml2 -pie -fpie -fPIC  -I/usr/include/libxml2 -Wl,-z -Wl,relro -Wl,-z -Wl,now -pie -fPIC conftest.c -lxml2 -ldl -lcrypto  >&5
configure:3730: $? = 0
configure:3747: result: yes
configure:3757: checking for alloca
configure:3804: gcc -o conftest -W -Wall -funsigned-char -pipe -Wno-unused -fPIE -fPIC -DPIE -D_FORTIY_SOURCE=2 -fvisibility=hidden -g -DIN_QNET -I/usr/include/libxml2 -pie -fpie -fPIC  -I/usr/include/libxml2 -Wl,-z -Wl,relro -Wl,-z -Wl,now -pie -fPIC conftest.c -lxml2 -ldl -lcrypto  >&5
configure:3810: $? = 0
configure:3827: result: yes
configure:4054: checking for ANSI C header files
configure:4218: result: yes
configure:4228: checking for sys/wait.h that is POSIX.1 compatible
configure:4264: gcc -c -W -Wall -funsigned-char -pipe -Wno-unused -fPIE -fPIC -DPIE -D_FORTIY_SOURCE=2 -fvisibility=hidden -g -DIN_QNET -I/usr/include/libxml2 -pie -fpie -fPIC  -I/usr/include/libxml2 conftest.c >&5
configure:4270: $? = 0
configure:4285: result: yes
configure:4327: checking arpa/inet.h usability
configure:4344: gcc -c -W -Wall -funsigned-char -pipe -Wno-unused -fPIE -fPIC -DPIE -D_FORTIY_SOURCE=2 -fvisibility=hidden -g -DIN_QNET -I/usr/include/libxml2 -pie -fpie -fPIC  -I/usr/include/libxml2 conftest.c >&5
configure:4350: $? = 0
configure:4364: result: yes
configure:4368: checking arpa/inet.h presence
configure:4383: gcc -E  -I/usr/include/libxml2 conftest.c
configure:4389: $? = 0
configure:4403: result: yes
configure:4436: checking for arpa/inet.h
configure:4444: result: yes
configure:4327: checking fcntl.h usability
configure:4344: gcc -c -W -Wall -funsigned-char -pipe -Wno-unused -fPIE -fPIC -DPIE -D_FORTIY_SOURCE=2 -fvisibility=hidden -g -DIN_QNET -I/usr/include/libxml2 -pie -fpie -fPIC  -I/usr/include/libxml2 conftest.c >&5
configure:4350: $? = 0
configure:4364: result: yes
configure:4368: checking fcntl.h presence
configure:4383: gcc -E  -I/usr/include/libxml2 conftest.c
configure:4389: $? = 0
configure:4403: result: yes
configure:4436: checking for fcntl.h
configure:4444: result: yes
configure:4327: checking dlfcn.h usability
configure:4344: gcc -c -W -Wall -funsigned-char -pipe -Wno-unused -fPIE -fPIC -DPIE -D_FORTIY_SOURCE=2 -fvisibility=hidden -g -DIN_QNET -I/usr/include/libxml2 -pie -fpie -fPIC  -I/usr/include/libxml2 conftest.c >&5
configure:4350: $? = 0
configure:4364: result: yes
configure:4368: checking dlfcn.h presence
configure:4383: gcc -E  -I/usr/include/libxml2 conftest.c
configure:4389: $? = 0
configure:4403: result: yes
configure:4436: checking for dlfcn.h
configure:4444: result: yes
configure:4327: checking limits.h usability
configure:4344: gcc -c -W -Wall -funsigned-char -pipe -Wno-unused -fPIE -fPIC -DPIE -D_FORTIY_SOURCE=2 -fvisibility=hidden -g -DIN_QNET -I/usr/include/libxml2 -pie -fpie -fPIC  -I/usr/include/libxml2 conftest.c >&5
configure:4350: $? = 0
configure:4364: result: yes
configure:4368: checking limits.h presence
configure:4383: gcc -E  -I/usr/include/libxml2 conftest.c
configure:4389: $? = 0
configure:4403: result: yes
configure:4436: checking for limits.h
configure:4444: result: yes
configure:4327: checking malloc.h usability
configure:4344: gcc -c -W -Wall -funsigned-char -pipe -Wno-unused -fPIE -fPIC -DPIE -D_FORTIY_SOURCE=2 -fvisibility=hidden -g -DIN_QNET -I/usr/include/libxml2 -pie -fpie -fPIC  -I/usr/include/libxml2 conftest.c >&5
configure:4350: $? = 0
configure:4364: result: yes
configure:4368: checking malloc.h presence
configure:4383: gcc -E  -I/usr/include/libxml2 conftest.c
configure:4389: $? = 0
configure:4403: result: yes
configure:4436: checking for malloc.h
configure:4444: result: yes
configure:4327: checking netdb.h usability
configure:4344: gcc -c -W -Wall -funsigned-char -pipe -Wno-unused -fPIE -fPIC -DPIE -D_FORTIY_SOURCE=2 -fvisibility=hidden -g -DIN_QNET -I/usr/include/libxml2 -pie -fpie -fPIC  -I/usr/include/libxml2 conftest.c >&5
configure:4350: $? = 0
configure:4364: result: yes
configure:4368: checking netdb.h presence
configure:4383: gcc -E  -I/usr/include/libxml2 conftest.c
configure:4389: $? = 0
configure:4403: result: yes
configure:4436: checking for netdb.h
configure:4444: result: yes
configure:4327: checking netinet/in.h usability
configure:4344: gcc -c -W -Wall -funsigned-char -pipe -Wno-unused -fPIE -fPIC -DPIE -D_FORTIY_SOURCE=2 -fvisibility=hidden -g -DIN_QNET -I/usr/include/libxml2 -pie -fpie -fPIC  -I/usr/include/libxml2 conftest.c >&5
configure:4350: $? = 0
configure:4364: result: yes
configure:4368: checking netinet/in.h presence
configure:4383: gcc -E  -I/usr/include/libxml2 conftest.c
configure:4389: $? = 0
configure:4403: result: yes
configure:4436: checking for netinet/in.h
configure:4444: result: yes
configure:4317: checking for stdlib.h
configure:4323: result: yes
configure:4327: checking sys/file.h usability
configure:4344: gcc -c -W -Wall -funsigned-char -pipe -Wno-unused -fPIE -fPIC -DPIE -D_FORTIY_SOURCE=2 -fvisibility=hidden -g -DIN_QNET -I/usr/include/libxml2 -pie -fpie -fPIC  -I/usr/include/libxml2 conftest.c >&5
configure:4350: $? = 0
configure:4364: result: yes
configure:4368: checking sys/file.h presence
configure:4383: gcc -E  -I/usr/include/libxml2 conftest.c
configure:4389: $? = 0
configure:4403: result: yes
configure:4436: checking for sys/file.h
configure:4444: result: yes
configure:4327: checking sys/socket.h usability
configure:4344: gcc -c -W -Wall -funsigned-char -pipe -Wno-unused -fPIE -fPIC -DPIE -D_FORTIY_SOURCE=2 -fvisibility=hidden -g -DIN_QNET -I/usr/include/libxml2 -pie -fpie -fPIC  -I/usr/include/libxml2 conftest.c >&5
configure:4350: $? = 0
configure:4364: result: yes
configure:4368: checking sys/socket.h presence
configure:4383: gcc -E  -I/usr/include/libxml2 conftest.c
configure:4389: $? = 0
configure:4403: result: yes
configure:4436: checking for sys/socket.h
configure:4444: result: yes
configure:4327: checking sys/time.h usability
configure:4344: gcc -c -W -Wall -funsigned-char -pipe -Wno-unused -fPIE -fPIC -DPIE -D_FORTIY_SOURCE=2 -fvisibility=hidden -g -DIN_QNET -I/usr/include/libxml2 -pie -fpie -fPIC  -I/usr/include/libxml2 conftest.c >&5
configure:4350: $? = 0
configure:4364: result: yes
configure:4368: checking sys/time.h presence
configure:4383: gcc -E  -I/usr/include/libxml2 conftest.c
configure:4389: $? = 0
configure:4403: result: yes
configure:4436: checking for sys/time.h
configure:4444: result: yes
configure:4317: checking for unistd.h
configure:4323: result: yes
configure:4317: checking for string.h
configure:4323: result: yes
configure:4327: checking libxml/parser.h usability
configure:4344: gcc -c -W -Wall -funsigned-char -pipe -Wno-unused -fPIE -fPIC -DPIE -D_FORTIY_SOURCE=2 -fvisibility=hidden -g -DIN_QNET -I/usr/include/libxml2 -pie -fpie -fPIC  -I/usr/include/libxml2 conftest.c >&5
configure:4350: $? = 0
configure:4364: result: yes
configure:4368: checking libxml/parser.h presence
configure:4383: gcc -E  -I/usr/include/libxml2 conftest.c
configure:4389: $? = 0
configure:4403: result: yes
configure:4436: checking for libxml/parser.h
configure:4444: result: yes
configure:4327: checking libxml/tree.h usability
configure:4344: gcc -c -W -Wall -funsigned-char -pipe -Wno-unused -fPIE -fPIC -DPIE -D_FORTIY_SOURCE=2 -fvisibility=hidden -g -DIN_QNET -I/usr/include/libxml2 -pie -fpie -fPIC  -I/usr/include/libxml2 conftest.c >&5
configure:4350: $? = 0
configure:4364: result: yes
configure:4368: checking libxml/tree.h presence
configure:4383: gcc -E  -I/usr/include/libxml2 conftest.c
configure:4389: $? = 0
configure:4403: result: yes
configure:4436: checking for libxml/tree.h
configure:4444: result: yes
configure:4327: checking openssl/crypto.h usability
configure:4344: gcc -c -W -Wall -funsigned-char -pipe -Wno-unused -fPIE -fPIC -DPIE -D_FORTIY_SOURCE=2 -fvisibility=hidden -g -DIN_QNET -I/usr/include/libxml2 -pie -fpie -fPIC  -I/usr/include/libxml2 conftest.c >&5
configure:4350: $? = 0
configure:4364: result: yes
configure:4368: checking openssl/crypto.h presence
configure:4383: gcc -E  -I/usr/include/libxml2 conftest.c
configure:4389: $? = 0
configure:4403: result: yes
configure:4436: checking for openssl/crypto.h
configure:4444: result: yes
configure:4327: checking openssl/sha.h usability
configure:4344: gcc -c -W -Wall -funsigned-char -pipe -Wno-unused -fPIE -fPIC -DPIE -D_FORTIY_SOURCE=2 -fvisibility=hidden -g -DIN_QNET -I/usr/include/libxml2 -pie -fpie -fPIC  -I/usr/include/libxml2 conftest.c >&5
configure:4350: $? = 0
configure:4364: result: yes
configure:4368: checking openssl/sha.h presence
configure:4383: gcc -E  -I/usr/include/libxml2 conftest.c
configure:4389: $? = 0
configure:4403: result: yes
configure:4436: checking for openssl/sha.h
configure:4444: result: yes
configure:4327: checking openssl/md5.h usability
configure:4344: gcc -c -W -Wall -funsigned-char -pipe -Wno-unused -fPIE -fPIC -DPIE -D_FORTIY_SOURCE=2 -fvisibility=hidden -g -DIN_QNET -I/usr/include/libxml2 -pie -fpie -fPIC  -I/usr/include/libxml2 conftest.c >&5
configure:4350: $? = 0
configure:4364: result: yes
configure:4368: checking openssl/md5.h presence
configure:4383: gcc -E  -I/usr/include/libxml2 conftest.c
configure:4389: $? = 0
configure:4403: result: yes
configure:4436: checking for openssl/md5.h
configure:4444: result: yes
configure:4459: checking for an ANSI C-conforming const
configure:4534: gcc -c -W -Wall -funsigned-char -pipe -Wno-unused -fPIE -fPIC -DPIE -D_FORTIY_SOURCE=2 -fvisibility=hidden -g -DIN_QNET -I/usr/include/libxml2 -pie -fpie -fPIC  -I/usr/include/libxml2 conftest.c >&5
conftest.c: In function 'main':
conftest.c:75:7: warning: 't' is used uninitialized in this function [-Wuninitialized]
     *t++ = 0;
       ^
conftest.c:91:23: warning: 'b' may be used uninitialized in this function [-Wmaybe-uninitialized]
     struct s *b; b->j = 5;
                       ^
configure:4540: $? = 0
configure:4555: result: yes
configure:4565: checking for size_t
configure:4595: gcc -c -W -Wall -funsigned-char -pipe -Wno-unused -fPIE -fPIC -DPIE -D_FORTIY_SOURCE=2 -fvisibility=hidden -g -DIN_QNET -I/usr/include/libxml2 -pie -fpie -fPIC  -I/usr/include/libxml2 conftest.c >&5
configure:4601: $? = 0
configure:4616: result: yes
configure:4628: checking whether time.h and sys/time.h may both be included
configure:4658: gcc -c -W -Wall -funsigned-char -pipe -Wno-unused -fPIE -fPIC -DPIE -D_FORTIY_SOURCE=2 -fvisibility=hidden -g -DIN_QNET -I/usr/include/libxml2 -pie -fpie -fPIC  -I/usr/include/libxml2 conftest.c >&5
configure:4664: $? = 0
configure:4679: result: yes
configure:4689: checking whether struct tm is in sys/time.h or time.h
configure:4719: gcc -c -W -Wall -funsigned-char -pipe -Wno-unused -fPIE -fPIC -DPIE -D_FORTIY_SOURCE=2 -fvisibility=hidden -g -DIN_QNET -I/usr/include/libxml2 -pie -fpie -fPIC  -I/usr/include/libxml2 conftest.c >&5
configure:4725: $? = 0
configure:4740: result: time.h
configure:4750: checking for char
configure:4780: gcc -c -W -Wall -funsigned-char -pipe -Wno-unused -fPIE -fPIC -DPIE -D_FORTIY_SOURCE=2 -fvisibility=hidden -g -DIN_QNET -I/usr/include/libxml2 -pie -fpie -fPIC  -I/usr/include/libxml2 conftest.c >&5
configure:4786: $? = 0
configure:4801: result: yes
configure:4808: checking size of char
configure:5110: gcc -o conftest -W -Wall -funsigned-char -pipe -Wno-unused -fPIE -fPIC -DPIE -D_FORTIY_SOURCE=2 -fvisibility=hidden -g -DIN_QNET -I/usr/include/libxml2 -pie -fpie -fPIC  -I/usr/include/libxml2 -Wl,-z -Wl,relro -Wl,-z -Wl,now -pie -fPIC conftest.c -lxml2 -ldl -lcrypto  >&5
configure:5113: $? = 0
configure:5119: ./conftest
configure:5122: $? = 0
configure:5145: result: 1
configure:5155: checking for unsigned char
configure:5185: gcc -c -W -Wall -funsigned-char -pipe -Wno-unused -fPIE -fPIC -DPIE -D_FORTIY_SOURCE=2 -fvisibility=hidden -g -DIN_QNET -I/usr/include/libxml2 -pie -fpie -fPIC  -I/usr/include/libxml2 conftest.c >&5
configure:5191: $? = 0
configure:5206: result: yes
configure:5213: checking size of unsigned char
configure:5515: gcc -o conftest -W -Wall -funsigned-char -pipe -Wno-unused -fPIE -fPIC -DPIE -D_FORTIY_SOURCE=2 -fvisibility=hidden -g -DIN_QNET -I/usr/include/libxml2 -pie -fpie -fPIC  -I/usr/include/libxml2 -Wl,-z -Wl,relro -Wl,-z -Wl,now -pie -fPIC conftest.c -lxml2 -ldl -lcrypto  >&5
configure:5518: $? = 0
configure:5524: ./conftest
configure:5527: $? = 0
configure:5550: result: 1
configure:5560: checking for int
configure:5590: gcc -c -W -Wall -funsigned-char -pipe -Wno-unused -fPIE -fPIC -DPIE -D_FORTIY_SOURCE=2 -fvisibility=hidden -g -DIN_QNET -I/usr/include/libxml2 -pie -fpie -fPIC  -I/usr/include/libxml2 conftest.c >&5
configure:5596: $? = 0
configure:5611: result: yes
configure:5618: checking size of int
configure:5920: gcc -o conftest -W -Wall -funsigned-char -pipe -Wno-unused -fPIE -fPIC -DPIE -D_FORTIY_SOURCE=2 -fvisibility=hidden -g -DIN_QNET -I/usr/include/libxml2 -pie -fpie -fPIC  -I/usr/include/libxml2 -Wl,-z -Wl,relro -Wl,-z -Wl,now -pie -fPIC conftest.c -lxml2 -ldl -lcrypto  >&5
configure:5923: $? = 0
configure:5929: ./conftest
configure:5932: $? = 0
configure:5955: result: 4
configure:5965: checking for long
configure:5995: gcc -c -W -Wall -funsigned-char -pipe -Wno-unused -fPIE -fPIC -DPIE -D_FORTIY_SOURCE=2 -fvisibility=hidden -g -DIN_QNET -I/usr/include/libxml2 -pie -fpie -fPIC  -I/usr/include/libxml2 conftest.c >&5
configure:6001: $? = 0
configure:6016: result: yes
configure:6023: checking size of long
configure:6325: gcc -o conftest -W -Wall -funsigned-char -pipe -Wno-unused -fPIE -fPIC -DPIE -D_FORTIY_SOURCE=2 -fvisibility=hidden -g -DIN_QNET -I/usr/include/libxml2 -pie -fpie -fPIC  -I/usr/include/libxml2 -Wl,-z -Wl,relro -Wl,-z -Wl,now -pie -fPIC conftest.c -lxml2 -ldl -lcrypto  >&5
configure:6328: $? = 0
configure:6334: ./conftest
configure:6337: $? = 0
configure:6360: result: 8
configure:6370: checking for unsigned long long
configure:6400: gcc -c -W -Wall -funsigned-char -pipe -Wno-unused -fPIE -fPIC -DPIE -D_FORTIY_SOURCE=2 -fvisibility=hidden -g -DIN_QNET -I/usr/include/libxml2 -pie -fpie -fPIC  -I/usr/include/libxml2 conftest.c >&5
configure:6406: $? = 0
configure:6421: result: yes
configure:6428: checking size of unsigned long long
configure:6730: gcc -o conftest -W -Wall -funsigned-char -pipe -Wno-unused -fPIE -fPIC -DPIE -D_FORTIY_SOURCE=2 -fvisibility=hidden -g -DIN_QNET -I/usr/include/libxml2 -pie -fpie -fPIC  -I/usr/include/libxml2 -Wl,-z -Wl,relro -Wl,-z -Wl,now -pie -fPIC conftest.c -lxml2 -ldl -lcrypto  >&5
configure:6733: $? = 0
configure:6739: ./conftest
configure:6742: $? = 0
configure:6765: result: 8
configure:6775: checking for size_t
configure:6826: result: yes
configure:6833: checking size of size_t
configure:7135: gcc -o conftest -W -Wall -funsigned-char -pipe -Wno-unused -fPIE -fPIC -DPIE -D_FORTIY_SOURCE=2 -fvisibility=hidden -g -DIN_QNET -I/usr/include/libxml2 -pie -fpie -fPIC  -I/usr/include/libxml2 -Wl,-z -Wl,relro -Wl,-z -Wl,now -pie -fPIC conftest.c -lxml2 -ldl -lcrypto  >&5
configure:7138: $? = 0
configure:7144: ./conftest
configure:7147: $? = 0
configure:7170: result: 8
configure:7180: checking for unsigned long
configure:7210: gcc -c -W -Wall -funsigned-char -pipe -Wno-unused -fPIE -fPIC -DPIE -D_FORTIY_SOURCE=2 -fvisibility=hidden -g -DIN_QNET -I/usr/include/libxml2 -pie -fpie -fPIC  -I/usr/include/libxml2 conftest.c >&5
configure:7216: $? = 0
configure:7231: result: yes
configure:7238: checking size of unsigned long
configure:7540: gcc -o conftest -W -Wall -funsigned-char -pipe -Wno-unused -fPIE -fPIC -DPIE -D_FORTIY_SOURCE=2 -fvisibility=hidden -g -DIN_QNET -I/usr/include/libxml2 -pie -fpie -fPIC  -I/usr/include/libxml2 -Wl,-z -Wl,relro -Wl,-z -Wl,now -pie -fPIC conftest.c -lxml2 -ldl -lcrypto  >&5
configure:7543: $? = 0
configure:7549: ./conftest
configure:7552: $? = 0
configure:7575: result: 8
configure:7592: checking for stdlib.h
configure:7598: result: yes
configure:7732: checking for GNU libc compatible malloc
configure:7766: gcc -o conftest -W -Wall -funsigned-char -pipe -Wno-unused -fPIE -fPIC -DPIE -D_FORTIY_SOURCE=2 -fvisibility=hidden -g -DIN_QNET -I/usr/include/libxml2 -pie -fpie -fPIC  -I/usr/include/libxml2 -Wl,-z -Wl,relro -Wl,-z -Wl,now -pie -fPIC conftest.c -lxml2 -ldl -lcrypto  >&5
configure:7769: $? = 0
configure:7775: ./conftest
configure:7778: $? = 0
configure:7794: result: yes
configure:7822: checking for working memcmp
configure:7875: gcc -o conftest -W -Wall -funsigned-char -pipe -Wno-unused -fPIE -fPIC -DPIE -D_FORTIY_SOURCE=2 -fvisibility=hidden -g -DIN_QNET -I/usr/include/libxml2 -pie -fpie -fPIC  -I/usr/include/libxml2 -Wl,-z -Wl,relro -Wl,-z -Wl,now -pie -fPIC conftest.c -lxml2 -ldl -lcrypto  >&5
configure:7878: $? = 0
configure:7884: ./conftest
configure:7887: $? = 0
configure:7903: result: yes
configure:7917: checking for stdlib.h
configure:7923: result: yes
configure:8057: checking for GNU libc compatible realloc
configure:8091: gcc -o conftest -W -Wall -funsigned-char -pipe -Wno-unused -fPIE -fPIC -DPIE -D_FORTIY_SOURCE=2 -fvisibility=hidden -g -DIN_QNET -I/usr/include/libxml2 -pie -fpie -fPIC  -I/usr/include/libxml2 -Wl,-z -Wl,relro -Wl,-z -Wl,now -pie -fPIC conftest.c -lxml2 -ldl -lcrypto  >&5
configure:8094: $? = 0
configure:8100: ./conftest
configure:8103: $? = 0
configure:8119: result: yes
configure:8147: checking return type of signal handlers
configure:8175: gcc -c -W -Wall -funsigned-char -pipe -Wno-unused -fPIE -fPIC -DPIE -D_FORTIY_SOURCE=2 -fvisibility=hidden -g -DIN_QNET -I/usr/include/libxml2 -pie -fpie -fPIC  -I/usr/include/libxml2 conftest.c >&5
conftest.c: In function 'main':
conftest.c:64:1: error: void value not ignored as it ought to be
 return *(signal (0, 0)) (0) == 1;
 ^
configure:8181: $? = 1
configure: failed program was:
| /* confdefs.h.  */
| #define PACKAGE_NAME "HBS"
| #define PACKAGE_TARNAME "hbs"
| #define PACKAGE_VERSION "1.0"
| #define PACKAGE_STRING "HBS 1.0"
| #define PACKAGE_BUGREPORT "cmouse@desteem.org"
| #define WANT_CALC 1
| #define ALLOW_VOICE_KICK 1
| #define _GNU_SOURCE 1
| #define HAVE_LIBCRYPTO 1
| #define HAVE_LIBDL 1
| #define HAVE_LIBXML2 1
| #define STDC_HEADERS 1
| #define HAVE_SYS_TYPES_H 1
| #define HAVE_SYS_STAT_H 1
| #define HAVE_STDLIB_H 1
| #define HAVE_STRING_H 1
| #define HAVE_MEMORY_H 1
| #define HAVE_STRINGS_H 1
| #define HAVE_INTTYPES_H 1
| #define HAVE_STDINT_H 1
| #define HAVE_UNISTD_H 1
| #define HAVE_ALLOCA_H 1
| #define HAVE_ALLOCA 1
| #define STDC_HEADERS 1
| #define HAVE_SYS_WAIT_H 1
| #define HAVE_ARPA_INET_H 1
| #define HAVE_FCNTL_H 1
| #define HAVE_DLFCN_H 1
| #define HAVE_LIMITS_H 1
| #define HAVE_MALLOC_H 1
| #define HAVE_NETDB_H 1
| #define HAVE_NETINET_IN_H 1
| #define HAVE_STDLIB_H 1
| #define HAVE_SYS_FILE_H 1
| #define HAVE_SYS_SOCKET_H 1
| #define HAVE_SYS_TIME_H 1
| #define HAVE_UNISTD_H 1
| #define HAVE_STRING_H 1
| #define HAVE_LIBXML_PARSER_H 1
| #define HAVE_LIBXML_TREE_H 1
| #define HAVE_OPENSSL_CRYPTO_H 1
| #define HAVE_OPENSSL_SHA_H 1
| #define HAVE_OPENSSL_MD5_H 1
| #define TIME_WITH_SYS_TIME 1
| #define SIZEOF_CHAR 1
| #define SIZEOF_UNSIGNED_CHAR 1
| #define SIZEOF_INT 4
| #define SIZEOF_LONG 8
| #define SIZEOF_UNSIGNED_LONG_LONG 8
| #define SIZEOF_SIZE_T 8
| #define SIZEOF_UNSIGNED_LONG 8
| #define HAVE_STDLIB_H 1
| #define HAVE_MALLOC 1
| #define HAVE_STDLIB_H 1
| #define HAVE_REALLOC 1
| /* end confdefs.h.  */
| #include <sys/types.h>
| #include <signal.h>
| 
| int
| main ()
| {
| return *(signal (0, 0)) (0) == 1;
|   ;
|   return 0;
| }
configure:8196: result: void
configure:8208: checking for strftime
configure:8264: gcc -o conftest -W -Wall -funsigned-char -pipe -Wno-unused -fPIE -fPIC -DPIE -D_FORTIY_SOURCE=2 -fvisibility=hidden -g -DIN_QNET -I/usr/include/libxml2 -pie -fpie -fPIC  -I/usr/include/libxml2 -Wl,-z -Wl,relro -Wl,-z -Wl,now -pie -fPIC conftest.c -lxml2 -ldl -lcrypto  >&5
conftest.c:82:6: warning: conflicting types for built-in function 'strftime' [enabled by default]
 char strftime ();
      ^
configure:8270: $? = 0
configure:8288: result: yes
configure:8373: checking for vprintf
configure:8429: gcc -o conftest -W -Wall -funsigned-char -pipe -Wno-unused -fPIE -fPIC -DPIE -D_FORTIY_SOURCE=2 -fvisibility=hidden -g -DIN_QNET -I/usr/include/libxml2 -pie -fpie -fPIC  -I/usr/include/libxml2 -Wl,-z -Wl,relro -Wl,-z -Wl,now -pie -fPIC conftest.c -lxml2 -ldl -lcrypto  >&5
conftest.c:83:6: warning: conflicting types for built-in function 'vprintf' [enabled by default]
 char vprintf ();
      ^
configure:8435: $? = 0
configure:8453: result: yes
configure:8460: checking for _doprnt
configure:8516: gcc -o conftest -W -Wall -funsigned-char -pipe -Wno-unused -fPIE -fPIC -DPIE -D_FORTIY_SOURCE=2 -fvisibility=hidden -g -DIN_QNET -I/usr/include/libxml2 -pie -fpie -fPIC  -I/usr/include/libxml2 -Wl,-z -Wl,relro -Wl,-z -Wl,now -pie -fPIC conftest.c -lxml2 -ldl -lcrypto  >&5
/tmp/ccW18WqC.o: In function `main':
/home/cmouse/Advice/src/conftest.c:95: undefined reference to `_doprnt'
collect2: error: ld returned 1 exit status
configure:8522: $? = 1
configure: failed program was:
| /* confdefs.h.  */
| #define PACKAGE_NAME "HBS"
| #define PACKAGE_TARNAME "hbs"
| #define PACKAGE_VERSION "1.0"
| #define PACKAGE_STRING "HBS 1.0"
| #define PACKAGE_BUGREPORT "cmouse@desteem.org"
| #define WANT_CALC 1
| #define ALLOW_VOICE_KICK 1
| #define _GNU_SOURCE 1
| #define HAVE_LIBCRYPTO 1
| #define HAVE_LIBDL 1
| #define HAVE_LIBXML2 1
| #define STDC_HEADERS 1
| #define HAVE_SYS_TYPES_H 1
| #define HAVE_SYS_STAT_H 1
| #define HAVE_STDLIB_H 1
| #define HAVE_STRING_H 1
| #define HAVE_MEMORY_H 1
| #define HAVE_STRINGS_H 1
| #define HAVE_INTTYPES_H 1
| #define HAVE_STDINT_H 1
| #define HAVE_UNISTD_H 1
| #define HAVE_ALLOCA_H 1
| #define HAVE_ALLOCA 1
| #define STDC_HEADERS 1
| #define HAVE_SYS_WAIT_H 1
| #define HAVE_ARPA_INET_H 1
| #define HAVE_FCNTL_H 1
| #define HAVE_DLFCN_H 1
| #define HAVE_LIMITS_H 1
| #define HAVE_MALLOC_H 1
| #define HAVE_NETDB_H 1
| #define HAVE_NETINET_IN_H 1
| #define HAVE_STDLIB_H 1
| #define HAVE_SYS_FILE_H 1
| #define HAVE_SYS_SOCKET_H 1
| #define HAVE_SYS_TIME_H 1
| #define HAVE_UNISTD_H 1
| #define HAVE_STRING_H 1
| #define HAVE_LIBXML_PARSER_H 1
| #define HAVE_LIBXML_TREE_H 1
| #define HAVE_OPENSSL_CRYPTO_H 1
| #define HAVE_OPENSSL_SHA_H 1
| #define HAVE_OPENSSL_MD5_H 1
| #define TIME_WITH_SYS_TIME 1
| #define SIZEOF_CHAR 1
| #define SIZEOF_UNSIGNED_CHAR 1
| #define SIZEOF_INT 4
| #define SIZEOF_LONG 8
| #define SIZEOF_UNSIGNED_LONG_LONG 8
| #define SIZEOF_SIZE_T 8
| #define SIZEOF_UNSIGNED_LONG 8
| #define HAVE_STDLIB_H 1
| #define HAVE_MALLOC 1
| #define HAVE_STDLIB_H 1
| #define HAVE_REALLOC 1
| #define RETSIGTYPE void
| #define HAVE_STRFTIME 1
| #define HAVE_VPRINTF 1
| /* end confdefs.h.  */
| /* Define _doprnt to an innocuous variant, in case <limits.h> declares _doprnt.
|    For example, HP-UX 11i <limits.h> declares gettimeofday.  */
| #define _doprnt innocuous__doprnt
| 
| /* System header to define __stub macros and hopefully few prototypes,
|     which can conflict with char _doprnt (); below.
|     Prefer <limits.h> to <assert.h> if __STDC__ is defined, since
|     <limits.h> exists even on freestanding compilers.  */
| 
| #ifdef __STDC__
| # include <limits.h>
| #else
| # include <assert.h>
| #endif
| 
| #undef _doprnt
| 
| /* Override any GCC internal prototype to avoid an error.
|    Use char because int might match the return type of a GCC
|    builtin and then its argument prototype would still apply.  */
| #ifdef __cplusplus
| extern "C"
| #endif
| char _doprnt ();
| /* The GNU C library defines this for functions which it implements
|     to always fail with ENOSYS.  Some functions are actually named
|     something starting with __ and the normal name is an alias.  */
| #if defined __stub__doprnt || defined __stub____doprnt
| choke me
| #endif
| 
| int
| main ()
| {
| return _doprnt ();
|   ;
|   return 0;
| }
configure:8539: result: no
configure:8572: checking for endpwent
configure:8628: gcc -o conftest -W -Wall -funsigned-char -pipe -Wno-unused -fPIE -fPIC -DPIE -D_FORTIY_SOURCE=2 -fvisibility=hidden -g -DIN_QNET -I/usr/include/libxml2 -pie -fpie -fPIC  -I/usr/include/libxml2 -Wl,-z -Wl,relro -Wl,-z -Wl,now -pie -fPIC conftest.c -lxml2 -ldl -lcrypto  >&5
configure:8634: $? = 0
configure:8652: result: yes
configure:8572: checking for gettimeofday
configure:8628: gcc -o conftest -W -Wall -funsigned-char -pipe -Wno-unused -fPIE -fPIC -DPIE -D_FORTIY_SOURCE=2 -fvisibility=hidden -g -DIN_QNET -I/usr/include/libxml2 -pie -fpie -fPIC  -I/usr/include/libxml2 -Wl,-z -Wl,relro -Wl,-z -Wl,now -pie -fPIC conftest.c -lxml2 -ldl -lcrypto  >&5
configure:8634: $? = 0
configure:8652: result: yes
configure:8572: checking for inet_ntoa
configure:8628: gcc -o conftest -W -Wall -funsigned-char -pipe -Wno-unused -fPIE -fPIC -DPIE -D_FORTIY_SOURCE=2 -fvisibility=hidden -g -DIN_QNET -I/usr/include/libxml2 -pie -fpie -fPIC  -I/usr/include/libxml2 -Wl,-z -Wl,relro -Wl,-z -Wl,now -pie -fPIC conftest.c -lxml2 -ldl -lcrypto  >&5
configure:8634: $? = 0
configure:8652: result: yes
configure:8572: checking for memmove
configure:8628: gcc -o conftest -W -Wall -funsigned-char -pipe -Wno-unused -fPIE -fPIC -DPIE -D_FORTIY_SOURCE=2 -fvisibility=hidden -g -DIN_QNET -I/usr/include/libxml2 -pie -fpie -fPIC  -I/usr/include/libxml2 -Wl,-z -Wl,relro -Wl,-z -Wl,now -pie -fPIC conftest.c -lxml2 -ldl -lcrypto  >&5
conftest.c:87:6: warning: conflicting types for built-in function 'memmove' [enabled by default]
 char memmove ();
      ^
configure:8634: $? = 0
configure:8652: result: yes
configure:8572: checking for memset
configure:8628: gcc -o conftest -W -Wall -funsigned-char -pipe -Wno-unused -fPIE -fPIC -DPIE -D_FORTIY_SOURCE=2 -fvisibility=hidden -g -DIN_QNET -I/usr/include/libxml2 -pie -fpie -fPIC  -I/usr/include/libxml2 -Wl,-z -Wl,relro -Wl,-z -Wl,now -pie -fPIC conftest.c -lxml2 -ldl -lcrypto  >&5
conftest.c:88:6: warning: conflicting types for built-in function 'memset' [enabled by default]
 char memset ();
      ^
configure:8634: $? = 0
configure:8652: result: yes
configure:8572: checking for socket
configure:8628: gcc -o conftest -W -Wall -funsigned-char -pipe -Wno-unused -fPIE -fPIC -DPIE -D_FORTIY_SOURCE=2 -fvisibility=hidden -g -DIN_QNET -I/usr/include/libxml2 -pie -fpie -fPIC  -I/usr/include/libxml2 -Wl,-z -Wl,relro -Wl,-z -Wl,now -pie -fPIC conftest.c -lxml2 -ldl -lcrypto  >&5
configure:8634: $? = 0
configure:8652: result: yes
configure:8572: checking for strcasecmp
configure:8628: gcc -o conftest -W -Wall -funsigned-char -pipe -Wno-unused -fPIE -fPIC -DPIE -D_FORTIY_SOURCE=2 -fvisibility=hidden -g -DIN_QNET -I/usr/include/libxml2 -pie -fpie -fPIC  -I/usr/include/libxml2 -Wl,-z -Wl,relro -Wl,-z -Wl,now -pie -fPIC conftest.c -lxml2 -ldl -lcrypto  >&5
conftest.c:90:6: warning: conflicting types for built-in function 'strcasecmp' [enabled by default]
 char strcasecmp ();
      ^
configure:8634: $? = 0
configure:8652: result: yes
configure:8572: checking for strchr
configure:8628: gcc -o conftest -W -Wall -funsigned-char -pipe -Wno-unused -fPIE -fPIC -DPIE -D_FORTIY_SOURCE=2 -fvisibility=hidden -g -DIN_QNET -I/usr/include/libxml2 -pie -fpie -fPIC  -I/usr/include/libxml2 -Wl,-z -Wl,relro -Wl,-z -Wl,now -pie -fPIC conftest.c -lxml2 -ldl -lcrypto  >&5
conftest.c:91:6: warning: conflicting types for built-in function 'strchr' [enabled by default]
 char strchr ();
      ^
configure:8634: $? = 0
configure:8652: result: yes
configure:8572: checking for strdup
configure:8628: gcc -o conftest -W -Wall -funsigned-char -pipe -Wno-unused -fPIE -fPIC -DPIE -D_FORTIY_SOURCE=2 -fvisibility=hidden -g -DIN_QNET -I/usr/include/libxml2 -pie -fpie -fPIC  -I/usr/include/libxml2 -Wl,-z -Wl,relro -Wl,-z -Wl,now -pie -fPIC conftest.c -lxml2 -ldl -lcrypto  >&5
conftest.c:92:6: warning: conflicting types for built-in function 'strdup' [enabled by default]
 char strdup ();
      ^
configure:8634: $? = 0
configure:8652: result: yes
configure:8572: checking for strerror
configure:8628: gcc -o conftest -W -Wall -funsigned-char -pipe -Wno-unused -fPIE -fPIC -DPIE -D_FORTIY_SOURCE=2 -fvisibility=hidden -g -DIN_QNET -I/usr/include/libxml2 -pie -fpie -fPIC  -I/usr/include/libxml2 -Wl,-z -Wl,relro -Wl,-z -Wl,now -pie -fPIC conftest.c -lxml2 -ldl -lcrypto  >&5
configure:8634: $? = 0
configure:8652: result: yes
configure:8572: checking for strstr
configure:8628: gcc -o conftest -W -Wall -funsigned-char -pipe -Wno-unused -fPIE -fPIC -DPIE -D_FORTIY_SOURCE=2 -fvisibility=hidden -g -DIN_QNET -I/usr/include/libxml2 -pie -fpie -fPIC  -I/usr/include/libxml2 -Wl,-z -Wl,relro -Wl,-z -Wl,now -pie -fPIC conftest.c -lxml2 -ldl -lcrypto  >&5
conftest.c:94:6: warning: conflicting types for built-in function 'strstr' [enabled by default]
 char strstr ();
      ^
configure:8634: $? = 0
configure:8652: result: yes
configure:8572: checking for mallinfo
configure:8628: gcc -o conftest -W -Wall -funsigned-char -pipe -Wno-unused -fPIE -fPIC -DPIE -D_FORTIY_SOURCE=2 -fvisibility=hidden -g -DIN_QNET -I/usr/include/libxml2 -pie -fpie -fPIC  -I/usr/include/libxml2 -Wl,-z -Wl,relro -Wl,-z -Wl,now -pie -fPIC conftest.c -lxml2 -ldl -lcrypto  >&5
configure:8634: $? = 0
configure:8652: result: yes
configure:8572: checking for memcpy
configure:8628: gcc -o conftest -W -Wall -funsigned-char -pipe -Wno-unused -fPIE -fPIC -DPIE -D_FORTIY_SOURCE=2 -fvisibility=hidden -g -DIN_QNET -I/usr/include/libxml2 -pie -fpie -fPIC  -I/usr/include/libxml2 -Wl,-z -Wl,relro -Wl,-z -Wl,now -pie -fPIC conftest.c -lxml2 -ldl -lcrypto  >&5
conftest.c:96:6: warning: conflicting types for built-in function 'memcpy' [enabled by default]
 char memcpy ();
      ^
configure:8634: $? = 0
configure:8652: result: yes
configure:8572: checking for sranddev
configure:8628: gcc -o conftest -W -Wall -funsigned-char -pipe -Wno-unused -fPIE -fPIC -DPIE -D_FORTIY_SOURCE=2 -fvisibility=hidden -g -DIN_QNET -I/usr/include/libxml2 -pie -fpie -fPIC  -I/usr/include/libxml2 -Wl,-z -Wl,relro -Wl,-z -Wl,now -pie -fPIC conftest.c -lxml2 -ldl -lcrypto  >&5
/tmp/ccX02zUq.o: In function `main':
/home/cmouse/Advice/src/conftest.c:108: undefined reference to `sranddev'
collect2: error: ld returned 1 exit status
configure:8634: $? = 1
configure: failed program was:
| /* confdefs.h.  */
| #define PACKAGE_NAME "HBS"
| #define PACKAGE_TARNAME "hbs"
| #define PACKAGE_VERSION "1.0"
| #define PACKAGE_STRING "HBS 1.0"
| #define PACKAGE_BUGREPORT "cmouse@desteem.org"
| #define WANT_CALC 1
| #define ALLOW_VOICE_KICK 1
| #define _GNU_SOURCE 1
| #define HAVE_LIBCRYPTO 1
| #define HAVE_LIBDL 1
| #define HAVE_LIBXML2 1
| #define STDC_HEADERS 1
| #define HAVE_SYS_TYPES_H 1
| #define HAVE_SYS_STAT_H 1
| #define HAVE_STDLIB_H 1
| #define HAVE_STRING_H 1
| #define HAVE_MEMORY_H 1
| #define HAVE_STRINGS_H 1
| #define HAVE_INTTYPES_H 1
| #define HAVE_STDINT_H 1
| #define HAVE_UNISTD_H 1
| #define HAVE_ALLOCA_H 1
| #define HAVE_ALLOCA 1
| #define STDC_HEADERS 1
| #define HAVE_SYS_WAIT_H 1
| #define HAVE_ARPA_INET_H 1
| #define HAVE_FCNTL_H 1
| #define HAVE_DLFCN_H 1
| #define HAVE_LIMITS_H 1
| #define HAVE_MALLOC_H 1
| #define HAVE_NETDB_H 1
| #define HAVE_NETINET_IN_H 1
| #define HAVE_STDLIB_H 1
| #define HAVE_SYS_FILE_H 1
| #define HAVE_SYS_SOCKET_H 1
| #define HAVE_SYS_TIME_H 1
| #define HAVE_UNISTD_H 1
| #define HAVE_STRING_H 1
| #define HAVE_LIBXML_PARSER_H 1
| #define HAVE_LIBXML_TREE_H 1
| #define HAVE_OPENSSL_CRYPTO_H 1
| #define HAVE_OPENSSL_SHA_H 1
| #define HAVE_OPENSSL_MD5_H 1
| #define TIME_WITH_SYS_TIME 1
| #define SIZEOF_CHAR 1
| #define SIZEOF_UNSIGNED_CHAR 1
| #define SIZEOF_INT 4
| #define SIZEOF_LONG 8
| #define SIZEOF_UNSIGNED_LONG_LONG 8
| #define SIZEOF_SIZE_T 8
| #define SIZEOF_UNSIGNED_LONG 8
| #define HAVE_STDLIB_H 1
| #define HAVE_MALLOC 1
| #define HAVE_STDLIB_H 1
| #define HAVE_REALLOC 1
| #define RETSIGTYPE void
| #define HAVE_STRFTIME 1
| #define HAVE_VPRINTF 1
| #define HAVE_ENDPWENT 1
| #define HAVE_GETTIMEOFDAY 1
| #define HAVE_INET_NTOA 1
| #define HAVE_MEMMOVE 1
| #define HAVE_MEMSET 1
| #define HAVE_SOCKET 1
| #define HAVE_STRCASECMP 1
| #define HAVE_STRCHR 1
| #define HAVE_STRDUP 1
| #define HAVE_STRERROR 1
| #define HAVE_STRSTR 1
| #define HAVE_MALLINFO 1
| #define HAVE_MEMCPY 1
| /* end confdefs.h.  */
| /* Define sranddev to an innocuous variant, in case <limits.h> declares sranddev.
|    For example, HP-UX 11i <limits.h> declares gettimeofday.  */
| #define sranddev innocuous_sranddev
| 
| /* System header to define __stub macros and hopefully few prototypes,
|     which can conflict with char sranddev (); below.
|     Prefer <limits.h> to <assert.h> if __STDC__ is defined, since
|     <limits.h> exists even on freestanding compilers.  */
| 
| #ifdef __STDC__
| # include <limits.h>
| #else
| # include <assert.h>
| #endif
| 
| #undef sranddev
| 
| /* Override any GCC internal prototype to avoid an error.
|    Use char because int might match the return type of a GCC
|    builtin and then its argument prototype would still apply.  */
| #ifdef __cplusplus
| extern "C"
| #endif
| char sranddev ();
| /* The GNU C library defines this for functions which it implements
|     to always fail with ENOSYS.  Some functions are actually named
|     something starting with __ and the normal name is an alias.  */
| #if defined __stub_sranddev || defined __stub___sranddev
| choke me
| #endif
| 
| int
| main ()
| {
| return sranddev ();
|   ;
|   return 0;
| }
configure:8652: result: no
configure:8572: checking for srand
configure:8628: gcc -o conftest -W -Wall -funsigned-char -pipe -Wno-unused -fPIE -fPIC -DPIE -D_FORTIY_SOURCE=2 -fvisibility=hidden -g -DIN_QNET -I/usr/include/libxml2 -pie -fpie -fPIC  -I/usr/include/libxml2 -Wl,-z -Wl,relro -Wl,-z -Wl,now -pie -fPIC conftest.c -lxml2 -ldl -lcrypto  >&5
configure:8634: $? = 0
configure:8652: result: yes
configure:8572: checking for rand
configure:8628: gcc -o conftest -W -Wall -funsigned-char -pipe -Wno-unused -fPIE -fPIC -DPIE -D_FORTIY_SOURCE=2 -fvisibility=hidden -g -DIN_QNET -I/usr/include/libxml2 -pie -fpie -fPIC  -I/usr/include/libxml2 -Wl,-z -Wl,relro -Wl,-z -Wl,now -pie -fPIC conftest.c -lxml2 -ldl -lcrypto  >&5
configure:8634: $? = 0
configure:8652: result: yes
configure:8768: creating ./config.status

## ---------------------- ##
## Running config.status. ##
## ---------------------- ##

This file was extended by HBS config.status 1.0, which was
generated by GNU Autoconf 2.61.  Invocation command line was

  CONFIG_FILES    = 
  CONFIG_HEADERS  = 
  CONFIG_LINKS    = 
  CONFIG_COMMANDS = 
  $ ./config.status 

on mordor

config.status:595: creating Makefile
config.status:595: creating commands/Makefile
config.status:595: creating config.h
config.status:874: config.h is unchanged

## ---------------- ##
## Cache variables. ##
## ---------------- ##

ac_cv_c_compiler_gnu=yes
ac_cv_c_const=yes
ac_cv_env_CC_set=
ac_cv_env_CC_value=
ac_cv_env_CFLAGS_set=set
ac_cv_env_CFLAGS_value='-fPIE -fPIC -DPIE -D_FORTIY_SOURCE=2'
ac_cv_env_CPPFLAGS_set=
ac_cv_env_CPPFLAGS_value=
ac_cv_env_CPP_set=
ac_cv_env_CPP_value=
ac_cv_env_LDFLAGS_set=set
ac_cv_env_LDFLAGS_value='-Wl,-z -Wl,relro -Wl,-z -Wl,now -pie'
ac_cv_env_LIBS_set=
ac_cv_env_LIBS_value=
ac_cv_env_build_alias_set=
ac_cv_env_build_alias_value=
ac_cv_env_host_alias_set=
ac_cv_env_host_alias_value=
ac_cv_env_target_alias_set=
ac_cv_env_target_alias_value=
ac_cv_func__doprnt=no
ac_cv_func_alloca_works=yes
ac_cv_func_endpwent=yes
ac_cv_func_gettimeofday=yes
ac_cv_func_inet_ntoa=yes
ac_cv_func_mallinfo=yes
ac_cv_func_malloc_0_nonnull=yes
ac_cv_func_memcmp_working=yes
ac_cv_func_memcpy=yes
ac_cv_func_memmove=yes
ac_cv_func_memset=yes
ac_cv_func_rand=yes
ac_cv_func_realloc_0_nonnull=yes
ac_cv_func_socket=yes
ac_cv_func_srand=yes
ac_cv_func_sranddev=no
ac_cv_func_strcasecmp=yes
ac_cv_func_strchr=yes
ac_cv_func_strdup=yes
ac_cv_func_strerror=yes
ac_cv_func_strftime=yes
ac_cv_func_strstr=yes
ac_cv_func_vprintf=yes
ac_cv_header_arpa_inet_h=yes
ac_cv_header_dlfcn_h=yes
ac_cv_header_fcntl_h=yes
ac_cv_header_inttypes_h=yes
ac_cv_header_libxml_parser_h=yes
ac_cv_header_libxml_tree_h=yes
ac_cv_header_limits_h=yes
ac_cv_header_malloc_h=yes
ac_cv_header_memory_h=yes
ac_cv_header_netdb_h=yes
ac_cv_header_netinet_in_h=yes
ac_cv_header_openssl_crypto_h=yes
ac_cv_header_openssl_md5_h=yes
ac_cv_header_openssl_sha_h=yes
ac_cv_header_stdc=yes
ac_cv_header_stdint_h=yes
ac_cv_header_stdlib_h=yes
ac_cv_header_string_h=yes
ac_cv_header_strings_h=yes
ac_cv_header_sys_file_h=yes
ac_cv_header_sys_socket_h=yes
ac_cv_header_sys_stat_h=yes
ac_cv_header_sys_time_h=yes
ac_cv_header_sys_types_h=yes
ac_cv_header_sys_wait_h=yes
ac_cv_header_time=yes
ac_cv_header_unistd_h=yes
ac_cv_lib_crypto_SHA1_Init=yes
ac_cv_lib_dl_dlopen=yes
ac_cv_lib_xml2_xmlCheckVersion=yes
ac_cv_objext=o
ac_cv_path_EGREP='/bin/grep -E'
ac_cv_path_GREP=/bin/grep
ac_cv_prog_CPP='gcc -E'
ac_cv_prog_ac_ct_CC=gcc
ac_cv_prog_cc_c89=
ac_cv_prog_cc_g=yes
ac_cv_prog_make_make_set=yes
ac_cv_sizeof_char=1
ac_cv_sizeof_int=4
ac_cv_sizeof_long=8
ac_cv_sizeof_size_t=8
ac_cv_sizeof_unsigned_char=1
ac_cv_sizeof_unsigned_long=8
ac_cv_sizeof_unsigned_long_long=8
ac_cv_struct_tm=time.h
ac_cv_type_char=yes
ac_cv_type_int=yes
ac_cv_type_long=yes
ac_cv_type_signal=void
ac_cv_type_size_t=yes
ac_cv_type_unsigned_char=yes
ac_cv_type_unsigned_long=yes
ac_cv_type_unsigned_long_long=yes
ac_cv_working_alloca_h=yes

## ----------------- ##
## Output variables. ##
## ----------------- ##

ALLOCA=''
CC='gcc'
CFLAGS='-W -Wall -funsigned-char -pipe -Wno-unused -fPIE -fPIC -DPIE -D_FORTIY_SOURCE=2 -fvisibility=hidden -g -DIN_QNET -I/usr/include/libxml2 -pie -fpie -fPIC'
CPP='gcc -E'
CPPFLAGS=' -I/usr/include/libxml2'
DEFS='-DHAVE_CONFIG_H'
ECHO_C=''
ECHO_N='-n'
ECHO_T=''
EGREP='/bin/grep -E'
EXEEXT=''
GREP='/bin/grep'
LDFLAGS='-Wl,-z -Wl,relro -Wl,-z -Wl,now -pie -fPIC'
LIBOBJS=''
LIBS='-lxml2 -ldl -lcrypto '
LTLIBOBJS=''
OBJEXT='o'
PACKAGE_BUGREPORT='cmouse@desteem.org'
PACKAGE_NAME='HBS'
PACKAGE_STRING='HBS 1.0'
PACKAGE_TARNAME='hbs'
PACKAGE_VERSION='1.0'
PATH_SEPARATOR=':'
PAXCTL=''
SET_MAKE=''
SHELL='/bin/bash'
ac_ct_CC='gcc'
bindir='${exec_prefix}/bin'
build_alias=''
datadir='${datarootdir}'
datarootdir='${prefix}/share'
docdir='${datarootdir}/doc/${PACKAGE_TARNAME}'
dvidir='${docdir}'
exec_prefix='${prefix}'
host_alias=''
htmldir='${docdir}'
includedir='${prefix}/include'
infodir='${datarootdir}/info'
libdir='${exec_prefix}/lib'
libexecdir='${exec_prefix}/libexec'
localedir='${datarootdir}/locale'
localstatedir='${prefix}/var'
mandir='${datarootdir}/man'
oldincludedir='/usr/include'
pdfdir='${docdir}'
prefix='/usr/local'
program_transform_name='s,x,x,'
psdir='${docdir}'
sbindir='${exec_prefix}/sbin'
sharedstatedir='${prefix}/com'
sysconfdir='${prefix}/etc'
target_alias=''

## ----------- ##
## confdefs.h. ##
## ----------- ##

#define PACKAGE_NAME "HBS"
#define PACKAGE_TARNAME "hbs"
#define PACKAGE_VERSION "1.0"
#define PACKAGE_STRING "HBS 1.0"
#define PACKAGE_BUGREPORT "cmouse@desteem.org"
#define WANT_CALC 1
#define ALLOW_VOICE_KICK 1
#define _GNU_SOURCE 1
#define HAVE_LIBCRYPTO 1
#define HAVE_LIBDL 1
#define HAVE_LIBXML2 1
#define STDC_HEADERS 1
#define HAVE_SYS_TYPES_H 1
#define HAVE_SYS_STAT_H 1
#define HAVE_STDLIB_H 1
#define HAVE_STRING_H 1
#define HAVE_MEMORY_H 1
#define HAVE_STRINGS_H 1
#define HAVE_INTTYPES_H 1
#define HAVE_STDINT_H 1
#define HAVE_UNISTD_H 1
#define HAVE_ALLOCA_H 1
#define HAVE_ALLOCA 1
#define STDC_HEADERS 1
#define HAVE_SYS_WAIT_H 1
#define HAVE_ARPA_INET_H 1
#define HAVE_FCNTL_H 1
#define HAVE_DLFCN_H 1
#define HAVE_LIMITS_H 1
#define HAVE_MALLOC_H 1
#define HAVE_NETDB_H 1
#define HAVE_NETINET_IN_H 1
#define HAVE_STDLIB_H 1
#define HAVE_SYS_FILE_H 1
#define HAVE_SYS_SOCKET_H 1
#define HAVE_SYS_TIME_H 1
#define HAVE_UNISTD_H 1
#define HAVE_STRING_H 1
#define HAVE_LIBXML_PARSER_H 1
#define HAVE_LIBXML_TREE_H 1
#define HAVE_OPENSSL_CRYPTO_H 1
#define HAVE_OPENSSL_SHA_H 1
#define HAVE_OPENSSL_MD5_H 1
#define TIME_WITH_SYS_TIME 1
#define SIZEOF_CHAR 1
#define SIZEOF_UNSIGNED_CHAR 1
#define SIZEOF_INT 4
#define SIZEOF_LONG 8
#define SIZEOF_UNSIGNED_LONG_LONG 8
#define SIZEOF_SIZE_T 8
#define SIZEOF_UNSIGNED_LONG 8
#define HAVE_STDLIB_H 1
#define HAVE_MALLOC 1
#define HAVE_STDLIB_H 1
#define HAVE_REALLOC 1
#define RETSIGTYPE void
#define HAVE_STRFTIME 1
#define HAVE_VPRINTF 1
#define HAVE_ENDPWENT 1
#define HAVE_GETTIMEOFDAY 1
#define HAVE_INET_NTOA 1
#define HAVE_MEMMOVE 1
#define HAVE_MEMSET 1
#define HAVE_SOCKET 1
#define HAVE_STRCASECMP 1
#define HAVE_STRCHR 1
#define HAVE_STRDUP 1
#define HAVE_STRERROR 1
#define HAVE_STRSTR 1
#define HAVE_MALLINFO 1
#define HAVE_MEMCPY 1
#define HAVE_SRAND 1
#define HAVE_RAND 1

configure: exit 0
